Using pre-set license
Built from '2020.3/staging' branch; Version is '2020.3.19f1 (68f137dc9bbe) revision 6877495'; Using compiler version '192528614'; Build Type 'Release'
OS: 'Windows 10 Home; OS build 19042.1348; Version 2009; 64bit' Language: 'zh' Physical Memory: 32469 MB
BatchMode: 1, IsHumanControllingUs: 0, StartBugReporterOnCrash: 0, Is64bit: 1, IsPro: 0

COMMAND LINE ARGUMENTS:
C:\Program Files\Unity\Hub\Editor\2020.3.19f1\Editor\Unity.exe
-adb2
-batchMode
-noUpm
-name
AssetImportWorker0
-projectPath
C:/Users/bouquet/Documents/GitHub/Unity_Midterm20211110/New Unity Project (1)
-logFile
Logs/AssetImportWorker0.log
-srvPort
52823
Successfully changed project path to: C:/Users/bouquet/Documents/GitHub/Unity_Midterm20211110/New Unity Project (1)
C:/Users/bouquet/Documents/GitHub/Unity_Midterm20211110/New Unity Project (1)
Using Asset Import Pipeline V2.
Unable to join player connection multicast group.
Unable to join player connection alternative multicast group.
Refreshing native plugins compatible for Editor in 36.08 ms, found 3 plugins.
Preloading 0 native plugins for Editor in 0.00 ms.
Initialize engine version: 2020.3.19f1 (68f137dc9bbe)
[Subsystems] Discovering subsystems at path C:/Program Files/Unity/Hub/Editor/2020.3.19f1/Editor/Data/Resources/UnitySubsystems
[Subsystems] Discovering subsystems at path C:/Users/bouquet/Documents/GitHub/Unity_Midterm20211110/New Unity Project (1)/Assets
GfxDevice: creating device client; threaded=0
Direct3D:
    Version:  Direct3D 11.0 [level 11.1]
    Renderer: NVIDIA GeForce RTX 3060 Laptop GPU (ID=0x2520)
    Vendor:   
    VRAM:     6023 MB
    Driver:   27.21.14.6221
Initialize mono
Mono path[0] = 'C:/Program Files/Unity/Hub/Editor/2020.3.19f1/Editor/Data/Managed'
Mono path[1] = 'C:/Program Files/Unity/Hub/Editor/2020.3.19f1/Editor/Data/MonoBleedingEdge/lib/mono/unityjit'
Mono config path = 'C:/Program Files/Unity/Hub/Editor/2020.3.19f1/Editor/Data/MonoBleedingEdge/etc'
Using monoOptions --debugger-agent=transport=dt_socket,embedding=1,server=y,suspend=n,address=127.0.0.1:56600
Begin MonoManager ReloadAssembly
Registering precompiled unity dll's ...
Register platform support module: C:/Program Files/Unity/Hub/Editor/2020.3.19f1/Editor/Data/PlaybackEngines/WebGLSupport/UnityEditor.WebGL.Extensions.dll
Register platform support module: C:/Program Files/Unity/Hub/Editor/2020.3.19f1/Editor/Data/PlaybackEngines/WindowsStandaloneSupport/UnityEditor.WindowsStandalone.Extensions.dll
Registered in 0.001803 seconds.
Native extension for WindowsStandalone target not found
Native extension for WebGL target not found
Refreshing native plugins compatible for Editor in 34.09 ms, found 3 plugins.
Preloading 0 native plugins for Editor in 0.00 ms.
Mono: successfully reloaded assembly
- Completed reload, in  0.761 seconds
Domain Reload Profiling:
	ReloadAssembly (762ms)
		BeginReloadAssembly (37ms)
			ExecutionOrderSort (0ms)
			DisableScriptedObjects (0ms)
			BackupInstance (0ms)
			ReleaseScriptingObjects (0ms)
			CreateAndSetChildDomain (1ms)
		EndReloadAssembly (301ms)
			LoadAssemblies (36ms)
			RebuildTransferFunctionScriptingTraits (0ms)
			SetupTypeCache (104ms)
			ReleaseScriptCaches (0ms)
			RebuildScriptCaches (21ms)
			SetupLoadedEditorAssemblies (127ms)
				LogAssemblyErrors (0ms)
				InitializePlatformSupportModulesInManaged (4ms)
				SetLoadedEditorAssemblies (0ms)
				RefreshPlugins (34ms)
				BeforeProcessingInitializeOnLoad (12ms)
				ProcessInitializeOnLoadAttributes (55ms)
				ProcessInitializeOnLoadMethodAttributes (21ms)
				AfterProcessingInitializeOnLoad (0ms)
				EditorAssembliesLoaded (0ms)
			ExecutionOrderSort2 (0ms)
			AwakeInstancesAfterBackupRestoration (0ms)
Platform modules already initialized, skipping
Registering precompiled user dll's ...
Registered in 0.002893 seconds.
Begin MonoManager ReloadAssembly
Native extension for WindowsStandalone target not found
Native extension for WebGL target not found
Refreshing native plugins compatible for Editor in 34.66 ms, found 3 plugins.
Preloading 0 native plugins for Editor in 0.00 ms.
Mono: successfully reloaded assembly
- Completed reload, in  0.825 seconds
Domain Reload Profiling:
	ReloadAssembly (826ms)
		BeginReloadAssembly (110ms)
			ExecutionOrderSort (0ms)
			DisableScriptedObjects (5ms)
			BackupInstance (0ms)
			ReleaseScriptingObjects (0ms)
			CreateAndSetChildDomain (14ms)
		EndReloadAssembly (671ms)
			LoadAssemblies (63ms)
			RebuildTransferFunctionScriptingTraits (0ms)
			SetupTypeCache (195ms)
			ReleaseScriptCaches (0ms)
			RebuildScriptCaches (31ms)
			SetupLoadedEditorAssemblies (289ms)
				LogAssemblyErrors (0ms)
				InitializePlatformSupportModulesInManaged (4ms)
				SetLoadedEditorAssemblies (0ms)
				RefreshPlugins (35ms)
				BeforeProcessingInitializeOnLoad (64ms)
				ProcessInitializeOnLoadAttributes (169ms)
				ProcessInitializeOnLoadMethodAttributes (11ms)
				AfterProcessingInitializeOnLoad (5ms)
				EditorAssembliesLoaded (0ms)
			ExecutionOrderSort2 (0ms)
			AwakeInstancesAfterBackupRestoration (5ms)
Platform modules already initialized, skipping
========================================================================
Worker process is ready to serve import requests
Launched and connected shader compiler UnityShaderCompiler.exe after 0.03 seconds
Refreshing native plugins compatible for Editor in 0.45 ms, found 3 plugins.
Preloading 0 native plugins for Editor in 0.00 ms.
Unloading 2100 Unused Serialized files (Serialized files now loaded: 0)
System memory in use before: 94.3 MB.
System memory in use after: 94.4 MB.

Unloading 26 unused Assets to reduce memory usage. Loaded Objects now: 2542.
Total: 2.441300 ms (FindLiveObjects: 0.150500 ms CreateObjectMapping: 0.087300 ms MarkObjects: 2.144200 ms  DeleteObjects: 0.058000 ms)

AssetImportParameters requested are different than current active one (requested -> active):
  custom:framework-win-MediaFoundation: 216162199b28c13a410421893ffa2e32 -> 
  custom:video-decoder-ogg-theora: a1e56fd34408186e4bbccfd4996cb3dc -> 
  custom:container-muxer-webm: aa71ff27fc2769a1b78a27578f13a17b -> 
  custom:container-demuxer-webm: 4f35f7cbe854078d1ac9338744f61a02 -> 
  custom:container-demuxer-ogg: 62fdf1f143b41e24485cea50d1cbac27 -> 
  custom:video-encoder-webm-vp8: eb34c28f22e8b96e1ab97ce403110664 -> 
  custom:video-decoder-webm-vp8: 9c59270c3fd7afecdb556c50c9e8de78 -> 
  custom:audio-decoder-ogg-vorbis: bf7c407c2cedff20999df2af8eb42d56 -> 
  custom:audio-encoder-webm-vorbis: bf7c407c2cedff20999df2af8eb42d56 -> 
========================================================================
Received Import Request.
  path: Assets/場景/demo.unity
  artifactKey: Guid(cbd2611183a8d41e8b5ae48b2b35bbf1) Importer(815301076,1909f56bfc062723c751e8b465ee728b)
Start importing Assets/場景/demo.unity using Guid(cbd2611183a8d41e8b5ae48b2b35bbf1) Importer(815301076,1909f56bfc062723c751e8b465ee728b)  -> (artifact id: '7e428cd3411419b4df162ed61df5df78') in 0.011467 seconds 
  Import took 0.014361 seconds .

========================================================================
Received Prepare
Registering precompiled user dll's ...
Registered in 0.002392 seconds.
Begin MonoManager ReloadAssembly
Native extension for WindowsStandalone target not found
Native extension for WebGL target not found
Refreshing native plugins compatible for Editor in 0.45 ms, found 3 plugins.
Preloading 0 native plugins for Editor in 0.00 ms.
Mono: successfully reloaded assembly
- Completed reload, in  0.746 seconds
Domain Reload Profiling:
	ReloadAssembly (746ms)
		BeginReloadAssembly (83ms)
			ExecutionOrderSort (0ms)
			DisableScriptedObjects (5ms)
			BackupInstance (0ms)
			ReleaseScriptingObjects (0ms)
			CreateAndSetChildDomain (27ms)
		EndReloadAssembly (615ms)
			LoadAssemblies (61ms)
			RebuildTransferFunctionScriptingTraits (0ms)
			SetupTypeCache (194ms)
			ReleaseScriptCaches (1ms)
			RebuildScriptCaches (38ms)
			SetupLoadedEditorAssemblies (247ms)
				LogAssemblyErrors (0ms)
				InitializePlatformSupportModulesInManaged (4ms)
				SetLoadedEditorAssemblies (0ms)
				RefreshPlugins (0ms)
				BeforeProcessingInitializeOnLoad (65ms)
				ProcessInitializeOnLoadAttributes (168ms)
				ProcessInitializeOnLoadMethodAttributes (5ms)
				AfterProcessingInitializeOnLoad (5ms)
				EditorAssembliesLoaded (0ms)
			ExecutionOrderSort2 (0ms)
			AwakeInstancesAfterBackupRestoration (7ms)
Platform modules already initialized, skipping
Refreshing native plugins compatible for Editor in 0.58 ms, found 3 plugins.
Preloading 0 native plugins for Editor in 0.00 ms.
Unloading 2090 Unused Serialized files (Serialized files now loaded: 0)
System memory in use before: 93.8 MB.
System memory in use after: 93.9 MB.

Unloading 14 unused Assets to reduce memory usage. Loaded Objects now: 2545.
Total: 3.303100 ms (FindLiveObjects: 0.164100 ms CreateObjectMapping: 0.031100 ms MarkObjects: 3.090400 ms  DeleteObjects: 0.016700 ms)

AssetImportParameters requested are different than current active one (requested -> active):
  custom:framework-win-MediaFoundation: 216162199b28c13a410421893ffa2e32 -> 
  custom:video-decoder-ogg-theora: a1e56fd34408186e4bbccfd4996cb3dc -> 
  custom:container-muxer-webm: aa71ff27fc2769a1b78a27578f13a17b -> 
  custom:container-demuxer-webm: 4f35f7cbe854078d1ac9338744f61a02 -> 
  custom:container-demuxer-ogg: 62fdf1f143b41e24485cea50d1cbac27 -> 
  custom:video-encoder-webm-vp8: eb34c28f22e8b96e1ab97ce403110664 -> 
  custom:video-decoder-webm-vp8: 9c59270c3fd7afecdb556c50c9e8de78 -> 
  custom:audio-decoder-ogg-vorbis: bf7c407c2cedff20999df2af8eb42d56 -> 
  custom:audio-encoder-webm-vorbis: bf7c407c2cedff20999df2af8eb42d56 -> 
========================================================================
Received Prepare
Registering precompiled user dll's ...
Registered in 0.002831 seconds.
Begin MonoManager ReloadAssembly
Native extension for WindowsStandalone target not found
Native extension for WebGL target not found
Refreshing native plugins compatible for Editor in 0.66 ms, found 3 plugins.
Preloading 0 native plugins for Editor in 0.00 ms.
Mono: successfully reloaded assembly
- Completed reload, in  0.751 seconds
Domain Reload Profiling:
	ReloadAssembly (752ms)
		BeginReloadAssembly (95ms)
			ExecutionOrderSort (0ms)
			DisableScriptedObjects (5ms)
			BackupInstance (0ms)
			ReleaseScriptingObjects (0ms)
			CreateAndSetChildDomain (28ms)
		EndReloadAssembly (612ms)
			LoadAssemblies (61ms)
			RebuildTransferFunctionScriptingTraits (0ms)
			SetupTypeCache (193ms)
			ReleaseScriptCaches (1ms)
			RebuildScriptCaches (39ms)
			SetupLoadedEditorAssemblies (243ms)
				LogAssemblyErrors (0ms)
				InitializePlatformSupportModulesInManaged (7ms)
				SetLoadedEditorAssemblies (0ms)
				RefreshPlugins (1ms)
				BeforeProcessingInitializeOnLoad (72ms)
				ProcessInitializeOnLoadAttributes (155ms)
				ProcessInitializeOnLoadMethodAttributes (3ms)
				AfterProcessingInitializeOnLoad (5ms)
				EditorAssembliesLoaded (0ms)
			ExecutionOrderSort2 (0ms)
			AwakeInstancesAfterBackupRestoration (7ms)
Platform modules already initialized, skipping
Refreshing native plugins compatible for Editor in 0.42 ms, found 3 plugins.
Preloading 0 native plugins for Editor in 0.00 ms.
Unloading 2090 Unused Serialized files (Serialized files now loaded: 0)
System memory in use before: 93.8 MB.
System memory in use after: 94.0 MB.

Unloading 14 unused Assets to reduce memory usage. Loaded Objects now: 2548.
Total: 2.397000 ms (FindLiveObjects: 0.135000 ms CreateObjectMapping: 0.033100 ms MarkObjects: 2.214800 ms  DeleteObjects: 0.012900 ms)

AssetImportParameters requested are different than current active one (requested -> active):
  custom:framework-win-MediaFoundation: 216162199b28c13a410421893ffa2e32 -> 
  custom:video-decoder-ogg-theora: a1e56fd34408186e4bbccfd4996cb3dc -> 
  custom:container-muxer-webm: aa71ff27fc2769a1b78a27578f13a17b -> 
  custom:container-demuxer-webm: 4f35f7cbe854078d1ac9338744f61a02 -> 
  custom:container-demuxer-ogg: 62fdf1f143b41e24485cea50d1cbac27 -> 
  custom:video-encoder-webm-vp8: eb34c28f22e8b96e1ab97ce403110664 -> 
  custom:video-decoder-webm-vp8: 9c59270c3fd7afecdb556c50c9e8de78 -> 
  custom:audio-decoder-ogg-vorbis: bf7c407c2cedff20999df2af8eb42d56 -> 
  custom:audio-encoder-webm-vorbis: bf7c407c2cedff20999df2af8eb42d56 -> 
========================================================================
Received Prepare
Registering precompiled user dll's ...
Registered in 0.002406 seconds.
Begin MonoManager ReloadAssembly
Native extension for WindowsStandalone target not found
Native extension for WebGL target not found
Refreshing native plugins compatible for Editor in 0.42 ms, found 3 plugins.
Preloading 0 native plugins for Editor in 0.00 ms.
Mono: successfully reloaded assembly
- Completed reload, in  0.718 seconds
Domain Reload Profiling:
	ReloadAssembly (718ms)
		BeginReloadAssembly (90ms)
			ExecutionOrderSort (0ms)
			DisableScriptedObjects (5ms)
			BackupInstance (0ms)
			ReleaseScriptingObjects (0ms)
			CreateAndSetChildDomain (28ms)
		EndReloadAssembly (579ms)
			LoadAssemblies (69ms)
			RebuildTransferFunctionScriptingTraits (0ms)
			SetupTypeCache (192ms)
			ReleaseScriptCaches (1ms)
			RebuildScriptCaches (28ms)
			SetupLoadedEditorAssemblies (222ms)
				LogAssemblyErrors (0ms)
				InitializePlatformSupportModulesInManaged (4ms)
				SetLoadedEditorAssemblies (0ms)
				RefreshPlugins (0ms)
				BeforeProcessingInitializeOnLoad (57ms)
				ProcessInitializeOnLoadAttributes (152ms)
				ProcessInitializeOnLoadMethodAttributes (4ms)
				AfterProcessingInitializeOnLoad (5ms)
				EditorAssembliesLoaded (0ms)
			ExecutionOrderSort2 (0ms)
			AwakeInstancesAfterBackupRestoration (7ms)
Platform modules already initialized, skipping
Refreshing native plugins compatible for Editor in 0.39 ms, found 3 plugins.
Preloading 0 native plugins for Editor in 0.00 ms.
Unloading 2090 Unused Serialized files (Serialized files now loaded: 0)
System memory in use before: 93.9 MB.
System memory in use after: 94.0 MB.

Unloading 14 unused Assets to reduce memory usage. Loaded Objects now: 2551.
Total: 2.431300 ms (FindLiveObjects: 0.244300 ms CreateObjectMapping: 0.066600 ms MarkObjects: 2.107000 ms  DeleteObjects: 0.012700 ms)

AssetImportParameters requested are different than current active one (requested -> active):
  custom:framework-win-MediaFoundation: 216162199b28c13a410421893ffa2e32 -> 
  custom:video-decoder-ogg-theora: a1e56fd34408186e4bbccfd4996cb3dc -> 
  custom:container-muxer-webm: aa71ff27fc2769a1b78a27578f13a17b -> 
  custom:container-demuxer-webm: 4f35f7cbe854078d1ac9338744f61a02 -> 
  custom:container-demuxer-ogg: 62fdf1f143b41e24485cea50d1cbac27 -> 
  custom:video-encoder-webm-vp8: eb34c28f22e8b96e1ab97ce403110664 -> 
  custom:video-decoder-webm-vp8: 9c59270c3fd7afecdb556c50c9e8de78 -> 
  custom:audio-decoder-ogg-vorbis: bf7c407c2cedff20999df2af8eb42d56 -> 
  custom:audio-encoder-webm-vorbis: bf7c407c2cedff20999df2af8eb42d56 -> 
========================================================================
Received Import Request.
  Time since last request: 1509.259367 seconds.
  path: Assets/Scripts/FoxMove.cs
  artifactKey: Guid(9702a596e398bf440aec30e900bf3ee3) Importer(815301076,1909f56bfc062723c751e8b465ee728b)
Start importing Assets/Scripts/FoxMove.cs using Guid(9702a596e398bf440aec30e900bf3ee3) Importer(815301076,1909f56bfc062723c751e8b465ee728b)  -> (artifact id: '3a1acbeafbd4715590566ca9631b06c4') in 0.021481 seconds 
  Import took 0.025982 seconds .

========================================================================
Received Prepare
Registering precompiled user dll's ...
Registered in 0.002561 seconds.
Begin MonoManager ReloadAssembly
Native extension for WindowsStandalone target not found
Native extension for WebGL target not found
Refreshing native plugins compatible for Editor in 0.41 ms, found 3 plugins.
Preloading 0 native plugins for Editor in 0.00 ms.
Mono: successfully reloaded assembly
- Completed reload, in  0.739 seconds
Domain Reload Profiling:
	ReloadAssembly (739ms)
		BeginReloadAssembly (104ms)
			ExecutionOrderSort (0ms)
			DisableScriptedObjects (6ms)
			BackupInstance (0ms)
			ReleaseScriptingObjects (0ms)
			CreateAndSetChildDomain (36ms)
		EndReloadAssembly (578ms)
			LoadAssemblies (67ms)
			RebuildTransferFunctionScriptingTraits (0ms)
			SetupTypeCache (191ms)
			ReleaseScriptCaches (1ms)
			RebuildScriptCaches (29ms)
			SetupLoadedEditorAssemblies (222ms)
				LogAssemblyErrors (0ms)
				InitializePlatformSupportModulesInManaged (5ms)
				SetLoadedEditorAssemblies (0ms)
				RefreshPlugins (0ms)
				BeforeProcessingInitializeOnLoad (59ms)
				ProcessInitializeOnLoadAttributes (150ms)
				ProcessInitializeOnLoadMethodAttributes (3ms)
				AfterProcessingInitializeOnLoad (4ms)
				EditorAssembliesLoaded (0ms)
			ExecutionOrderSort2 (0ms)
			AwakeInstancesAfterBackupRestoration (7ms)
Platform modules already initialized, skipping
Refreshing native plugins compatible for Editor in 0.39 ms, found 3 plugins.
Preloading 0 native plugins for Editor in 0.00 ms.
Unloading 2091 Unused Serialized files (Serialized files now loaded: 0)
System memory in use before: 93.9 MB.
System memory in use after: 94.0 MB.

Unloading 14 unused Assets to reduce memory usage. Loaded Objects now: 2555.
Total: 2.297000 ms (FindLiveObjects: 0.129200 ms CreateObjectMapping: 0.029900 ms MarkObjects: 2.124500 ms  DeleteObjects: 0.012800 ms)

AssetImportParameters requested are different than current active one (requested -> active):
  custom:framework-win-MediaFoundation: 216162199b28c13a410421893ffa2e32 -> 
  custom:video-decoder-ogg-theora: a1e56fd34408186e4bbccfd4996cb3dc -> 
  custom:container-muxer-webm: aa71ff27fc2769a1b78a27578f13a17b -> 
  custom:container-demuxer-webm: 4f35f7cbe854078d1ac9338744f61a02 -> 
  custom:container-demuxer-ogg: 62fdf1f143b41e24485cea50d1cbac27 -> 
  custom:video-encoder-webm-vp8: eb34c28f22e8b96e1ab97ce403110664 -> 
  custom:video-decoder-webm-vp8: 9c59270c3fd7afecdb556c50c9e8de78 -> 
  custom:audio-decoder-ogg-vorbis: bf7c407c2cedff20999df2af8eb42d56 -> 
  custom:audio-encoder-webm-vorbis: bf7c407c2cedff20999df2af8eb42d56 -> 
========================================================================
Received Prepare
Registering precompiled user dll's ...
Registered in 0.002466 seconds.
Begin MonoManager ReloadAssembly
Native extension for WindowsStandalone target not found
Native extension for WebGL target not found
Refreshing native plugins compatible for Editor in 0.42 ms, found 3 plugins.
Preloading 0 native plugins for Editor in 0.00 ms.
Mono: successfully reloaded assembly
- Completed reload, in  0.752 seconds
Domain Reload Profiling:
	ReloadAssembly (752ms)
		BeginReloadAssembly (89ms)
			ExecutionOrderSort (0ms)
			DisableScriptedObjects (7ms)
			BackupInstance (0ms)
			ReleaseScriptingObjects (0ms)
			CreateAndSetChildDomain (30ms)
		EndReloadAssembly (613ms)
			LoadAssemblies (66ms)
			RebuildTransferFunctionScriptingTraits (0ms)
			SetupTypeCache (206ms)
			ReleaseScriptCaches (1ms)
			RebuildScriptCaches (31ms)
			SetupLoadedEditorAssemblies (233ms)
				LogAssemblyErrors (0ms)
				InitializePlatformSupportModulesInManaged (6ms)
				SetLoadedEditorAssemblies (0ms)
				RefreshPlugins (0ms)
				BeforeProcessingInitializeOnLoad (64ms)
				ProcessInitializeOnLoadAttributes (154ms)
				ProcessInitializeOnLoadMethodAttributes (4ms)
				AfterProcessingInitializeOnLoad (5ms)
				EditorAssembliesLoaded (0ms)
			ExecutionOrderSort2 (0ms)
			AwakeInstancesAfterBackupRestoration (7ms)
Platform modules already initialized, skipping
Refreshing native plugins compatible for Editor in 0.46 ms, found 3 plugins.
Preloading 0 native plugins for Editor in 0.00 ms.
Unloading 2091 Unused Serialized files (Serialized files now loaded: 0)
System memory in use before: 93.9 MB.
System memory in use after: 94.0 MB.

Unloading 14 unused Assets to reduce memory usage. Loaded Objects now: 2558.
Total: 2.335400 ms (FindLiveObjects: 0.162500 ms CreateObjectMapping: 0.032000 ms MarkObjects: 2.126900 ms  DeleteObjects: 0.013200 ms)

AssetImportParameters requested are different than current active one (requested -> active):
  custom:framework-win-MediaFoundation: 216162199b28c13a410421893ffa2e32 -> 
  custom:video-decoder-ogg-theora: a1e56fd34408186e4bbccfd4996cb3dc -> 
  custom:container-muxer-webm: aa71ff27fc2769a1b78a27578f13a17b -> 
  custom:container-demuxer-webm: 4f35f7cbe854078d1ac9338744f61a02 -> 
  custom:container-demuxer-ogg: 62fdf1f143b41e24485cea50d1cbac27 -> 
  custom:video-encoder-webm-vp8: eb34c28f22e8b96e1ab97ce403110664 -> 
  custom:video-decoder-webm-vp8: 9c59270c3fd7afecdb556c50c9e8de78 -> 
  custom:audio-decoder-ogg-vorbis: bf7c407c2cedff20999df2af8eb42d56 -> 
  custom:audio-encoder-webm-vorbis: bf7c407c2cedff20999df2af8eb42d56 -> 
========================================================================
Received Import Request.
  Time since last request: 480.459179 seconds.
  path: Assets/Palette/tileset-sliced_8.asset
  artifactKey: Guid(dc8c0d8ef6924e347af7fc43ba3e5f7c) Importer(815301076,1909f56bfc062723c751e8b465ee728b)
Start importing Assets/Palette/tileset-sliced_8.asset using Guid(dc8c0d8ef6924e347af7fc43ba3e5f7c) Importer(815301076,1909f56bfc062723c751e8b465ee728b)  -> (artifact id: '9f34146a6d2d7e9dd97c0ada9986f0c1') in 0.062265 seconds 
  Import took 0.065365 seconds .

========================================================================
Received Import Request.
  Time since last request: 0.000333 seconds.
  path: Assets/Palette/tileset-sliced_26.asset
  artifactKey: Guid(fb894e88209b10c47a54dc5d4dae2a55) Importer(815301076,1909f56bfc062723c751e8b465ee728b)
Start importing Assets/Palette/tileset-sliced_26.asset using Guid(fb894e88209b10c47a54dc5d4dae2a55) Importer(815301076,1909f56bfc062723c751e8b465ee728b)  -> (artifact id: 'c7f421c64d50ff05343453dc40051b5d') in 0.011799 seconds 
  Import took 0.015294 seconds .

========================================================================
Received Import Request.
  Time since last request: 0.000317 seconds.
  path: Assets/Palette/tileset-sliced_39.asset
  artifactKey: Guid(7f3331d4608c4564b915f3391750743d) Importer(815301076,1909f56bfc062723c751e8b465ee728b)
Start importing Assets/Palette/tileset-sliced_39.asset using Guid(7f3331d4608c4564b915f3391750743d) Importer(815301076,1909f56bfc062723c751e8b465ee728b)  -> (artifact id: '4e127c12a91cb4e5a6bc8b9fa822831b') in 0.015779 seconds 
  Import took 0.019223 seconds .

========================================================================
Received Import Request.
  Time since last request: 0.000312 seconds.
  path: Assets/Palette/tileset-sliced_20.asset
  artifactKey: Guid(09bf000cfa6efce48bb5977f1129bc9c) Importer(815301076,1909f56bfc062723c751e8b465ee728b)
Start importing Assets/Palette/tileset-sliced_20.asset using Guid(09bf000cfa6efce48bb5977f1129bc9c) Importer(815301076,1909f56bfc062723c751e8b465ee728b)  -> (artifact id: '012dcf0a13a8d8c616f8e0fba2a4a158') in 0.015270 seconds 
  Import took 0.018948 seconds .

========================================================================
Received Import Request.
  Time since last request: 0.000284 seconds.
  path: Assets/Palette/tileset-sliced_23.asset
  artifactKey: Guid(10139596f0b324440a05159773a8fe52) Importer(815301076,1909f56bfc062723c751e8b465ee728b)
Start importing Assets/Palette/tileset-sliced_23.asset using Guid(10139596f0b324440a05159773a8fe52) Importer(815301076,1909f56bfc062723c751e8b465ee728b)  -> (artifact id: '5090c39ba4521fafce9d9e994fdb3b67') in 0.010017 seconds 
  Import took 0.012990 seconds .

========================================================================
Received Import Request.
  Time since last request: 0.000443 seconds.
  path: Assets/Palette/tileset-sliced_27.asset
  artifactKey: Guid(5e6685e4712390a4788dbf93c80fb580) Importer(815301076,1909f56bfc062723c751e8b465ee728b)
Start importing Assets/Palette/tileset-sliced_27.asset using Guid(5e6685e4712390a4788dbf93c80fb580) Importer(815301076,1909f56bfc062723c751e8b465ee728b)  -> (artifact id: '72021481f4522527750b8f3c8ba30a15') in 0.009458 seconds 
  Import took 0.012551 seconds .

========================================================================
Received Import Request.
  Time since last request: 0.000303 seconds.
  path: Assets/Palette/tileset-sliced_24.asset
  artifactKey: Guid(6371f39fcc10a52408da78ab1b8f0921) Importer(815301076,1909f56bfc062723c751e8b465ee728b)
Start importing Assets/Palette/tileset-sliced_24.asset using Guid(6371f39fcc10a52408da78ab1b8f0921) Importer(815301076,1909f56bfc062723c751e8b465ee728b)  -> (artifact id: '494b804f4e5b79811903b4113cd83f17') in 0.008285 seconds 
  Import took 0.011346 seconds .

========================================================================
Received Import Request.
  Time since last request: 0.000272 seconds.
  path: Assets/Palette/tileset-sliced_12.asset
  artifactKey: Guid(8eaa02fd3b857254da95c0237c8b3eec) Importer(815301076,1909f56bfc062723c751e8b465ee728b)
Start importing Assets/Palette/tileset-sliced_12.asset using Guid(8eaa02fd3b857254da95c0237c8b3eec) Importer(815301076,1909f56bfc062723c751e8b465ee728b)  -> (artifact id: 'd2cfb66f56559ef5720272bf70e87081') in 0.008222 seconds 
  Import took 0.011508 seconds .

========================================================================
Received Import Request.
  Time since last request: 0.000283 seconds.
  path: Assets/Palette/tileset-sliced_36.asset
  artifactKey: Guid(767cdf15aa2a48046abc0343e8e71085) Importer(815301076,1909f56bfc062723c751e8b465ee728b)
Start importing Assets/Palette/tileset-sliced_36.asset using Guid(767cdf15aa2a48046abc0343e8e71085) Importer(815301076,1909f56bfc062723c751e8b465ee728b)  -> (artifact id: 'f0707cfc4afb88fce9b2276a7e31ca16') in 0.008316 seconds 
  Import took 0.011665 seconds .

========================================================================
Received Import Request.
  Time since last request: 0.000404 seconds.
  path: Assets/Palette/tileset-sliced_29.asset
  artifactKey: Guid(05ad70f413eaf14468b54e61a2ceb112) Importer(815301076,1909f56bfc062723c751e8b465ee728b)
Start importing Assets/Palette/tileset-sliced_29.asset using Guid(05ad70f413eaf14468b54e61a2ceb112) Importer(815301076,1909f56bfc062723c751e8b465ee728b)  -> (artifact id: '3e0955aef064f06d0456ccd417dccf59') in 0.006612 seconds 
  Import took 0.009610 seconds .

========================================================================
Received Import Request.
  Time since last request: 0.000398 seconds.
  path: Assets/Palette/tileset-sliced_9.asset
  artifactKey: Guid(203d78e3a59a421419adb7abd1a2cf87) Importer(815301076,1909f56bfc062723c751e8b465ee728b)
Start importing Assets/Palette/tileset-sliced_9.asset using Guid(203d78e3a59a421419adb7abd1a2cf87) Importer(815301076,1909f56bfc062723c751e8b465ee728b)  -> (artifact id: 'f8f02961877f76f0596f7501904e2ce3') in 0.007057 seconds 
  Import took 0.009747 seconds .

========================================================================
Received Import Request.
  Time since last request: 0.000440 seconds.
  path: Assets/Palette/tileset-sliced_33.asset
  artifactKey: Guid(162fcbc9656ab834d88b33bac5d5416b) Importer(815301076,1909f56bfc062723c751e8b465ee728b)
Start importing Assets/Palette/tileset-sliced_33.asset using Guid(162fcbc9656ab834d88b33bac5d5416b) Importer(815301076,1909f56bfc062723c751e8b465ee728b)  -> (artifact id: '4dd631271ee3d6336cab5f51a11b40a8') in 0.007214 seconds 
  Import took 0.010375 seconds .

========================================================================
Received Import Request.
  Time since last request: 0.000285 seconds.
  path: Assets/Palette/tileset-sliced_32.asset
  artifactKey: Guid(c0e701a21690c5f4b9d3ed6e604d69de) Importer(815301076,1909f56bfc062723c751e8b465ee728b)
Start importing Assets/Palette/tileset-sliced_32.asset using Guid(c0e701a21690c5f4b9d3ed6e604d69de) Importer(815301076,1909f56bfc062723c751e8b465ee728b)  -> (artifact id: '84187be2af707dac3ed83787212a69fe') in 0.008610 seconds 
  Import took 0.011440 seconds .

========================================================================
Received Import Request.
  Time since last request: 0.000289 seconds.
  path: Assets/Palette/tileset-sliced_34.asset
  artifactKey: Guid(c266a2215378cc0419f40b0d8a0b5871) Importer(815301076,1909f56bfc062723c751e8b465ee728b)
Start importing Assets/Palette/tileset-sliced_34.asset using Guid(c266a2215378cc0419f40b0d8a0b5871) Importer(815301076,1909f56bfc062723c751e8b465ee728b)  -> (artifact id: 'f12aef19f60da6de2465517e69fdad1a') in 0.007892 seconds 
  Import took 0.010929 seconds .

========================================================================
Received Import Request.
  Time since last request: 0.000329 seconds.
  path: Assets/Palette/tileset-sliced_18.asset
  artifactKey: Guid(8c1d49abdd173404a87addb741a77a89) Importer(815301076,1909f56bfc062723c751e8b465ee728b)
Start importing Assets/Palette/tileset-sliced_18.asset using Guid(8c1d49abdd173404a87addb741a77a89) Importer(815301076,1909f56bfc062723c751e8b465ee728b)  -> (artifact id: 'ebe3f7b660c3efad292fa74b449c9a58') in 0.008003 seconds 
  Import took 0.011000 seconds .

========================================================================
Received Import Request.
  Time since last request: 0.000289 seconds.
  path: Assets/Palette/tileset-sliced_15.asset
  artifactKey: Guid(9145f1a789734f8498d810c894462c39) Importer(815301076,1909f56bfc062723c751e8b465ee728b)
Start importing Assets/Palette/tileset-sliced_15.asset using Guid(9145f1a789734f8498d810c894462c39) Importer(815301076,1909f56bfc062723c751e8b465ee728b)  -> (artifact id: '7c8e6916acc2bd624286d85d0e9d5d78') in 0.008093 seconds 
  Import took 0.010970 seconds .

========================================================================
Received Import Request.
  Time since last request: 0.000267 seconds.
  path: Assets/Palette/tileset-sliced_35.asset
  artifactKey: Guid(caaa9dbace741a14d8ec54a8df7daf5d) Importer(815301076,1909f56bfc062723c751e8b465ee728b)
Start importing Assets/Palette/tileset-sliced_35.asset using Guid(caaa9dbace741a14d8ec54a8df7daf5d) Importer(815301076,1909f56bfc062723c751e8b465ee728b)  -> (artifact id: '7715c7a051a702b16b7e08f7065b5e64') in 0.007071 seconds 
  Import took 0.009896 seconds .

========================================================================
Received Import Request.
  Time since last request: 0.000327 seconds.
  path: Assets/Palette/tileset-sliced_38.asset
  artifactKey: Guid(68b5199f8fcd9954f92a60a0eacf18fe) Importer(815301076,1909f56bfc062723c751e8b465ee728b)
Start importing Assets/Palette/tileset-sliced_38.asset using Guid(68b5199f8fcd9954f92a60a0eacf18fe) Importer(815301076,1909f56bfc062723c751e8b465ee728b)  -> (artifact id: '51cf53c344aca7b5c5eceaf8ec9daed7') in 0.008248 seconds 
  Import took 0.010947 seconds .

========================================================================
Received Import Request.
  Time since last request: 0.000371 seconds.
  path: Assets/Palette/tileset-sliced_16.asset
  artifactKey: Guid(ec3a7e2adabfb7b4fa320b635acf4e92) Importer(815301076,1909f56bfc062723c751e8b465ee728b)
Start importing Assets/Palette/tileset-sliced_16.asset using Guid(ec3a7e2adabfb7b4fa320b635acf4e92) Importer(815301076,1909f56bfc062723c751e8b465ee728b)  -> (artifact id: '06fb712045ed11ce55b525ba22b2f02f') in 0.007307 seconds 
  Import took 0.009940 seconds .

========================================================================
Received Import Request.
  Time since last request: 0.000269 seconds.
  path: Assets/Palette/tileset-sliced_30.asset
  artifactKey: Guid(4507de33b1629ea429f4ef9c51b0b260) Importer(815301076,1909f56bfc062723c751e8b465ee728b)
Start importing Assets/Palette/tileset-sliced_30.asset using Guid(4507de33b1629ea429f4ef9c51b0b260) Importer(815301076,1909f56bfc062723c751e8b465ee728b)  -> (artifact id: '913f3b07b66db6cf5b21cf315ab11c79') in 0.007274 seconds 
  Import took 0.010204 seconds .

========================================================================
Received Import Request.
  Time since last request: 0.000296 seconds.
  path: Assets/Palette/tileset-sliced_11.asset
  artifactKey: Guid(dd2961e5ebe43ca4e92d4e3ed1486a57) Importer(815301076,1909f56bfc062723c751e8b465ee728b)
Start importing Assets/Palette/tileset-sliced_11.asset using Guid(dd2961e5ebe43ca4e92d4e3ed1486a57) Importer(815301076,1909f56bfc062723c751e8b465ee728b)  -> (artifact id: 'feeb68bfdd28f033b322211b3e1705c5') in 0.007482 seconds 
  Import took 0.010139 seconds .

========================================================================
Received Import Request.
  Time since last request: 0.000289 seconds.
  path: Assets/Palette/tileset-sliced_25.asset
  artifactKey: Guid(85eedf242c31e9c44b39147365bde323) Importer(815301076,1909f56bfc062723c751e8b465ee728b)
Start importing Assets/Palette/tileset-sliced_25.asset using Guid(85eedf242c31e9c44b39147365bde323) Importer(815301076,1909f56bfc062723c751e8b465ee728b)  -> (artifact id: 'ad628686b53f90bdcdabae05239e363d') in 0.008498 seconds 
  Import took 0.023518 seconds .

========================================================================
Received Import Request.
  Time since last request: 0.000257 seconds.
  path: Assets/Palette/tileset-sliced_37.asset
  artifactKey: Guid(58f5babe59e86dc4ba96112c5bc195d2) Importer(815301076,1909f56bfc062723c751e8b465ee728b)
Start importing Assets/Palette/tileset-sliced_37.asset using Guid(58f5babe59e86dc4ba96112c5bc195d2) Importer(815301076,1909f56bfc062723c751e8b465ee728b)  -> (artifact id: 'e79fda97cc4c56e31661b792a9e3f405') in 0.007548 seconds 
  Import took 0.010284 seconds .

========================================================================
Received Import Request.
  Time since last request: 0.000241 seconds.
  path: Assets/Palette/tileset-sliced_17.asset
  artifactKey: Guid(2a058c3024a024243a9a3f80ad4b1fc6) Importer(815301076,1909f56bfc062723c751e8b465ee728b)
Start importing Assets/Palette/tileset-sliced_17.asset using Guid(2a058c3024a024243a9a3f80ad4b1fc6) Importer(815301076,1909f56bfc062723c751e8b465ee728b)  -> (artifact id: 'e73796c035ae90589ae3b6db6c38fe9f') in 0.008266 seconds 
  Import took 0.011307 seconds .

========================================================================
Received Import Request.
  Time since last request: 0.000333 seconds.
  path: Assets/Palette/tileset-sliced_10.asset
  artifactKey: Guid(d89c4b8c99d625342a96143600a4ca70) Importer(815301076,1909f56bfc062723c751e8b465ee728b)
Start importing Assets/Palette/tileset-sliced_10.asset using Guid(d89c4b8c99d625342a96143600a4ca70) Importer(815301076,1909f56bfc062723c751e8b465ee728b)  -> (artifact id: 'f62dbb29bd02edc55c8411b68881fe75') in 0.007740 seconds 
  Import took 0.010576 seconds .

========================================================================
Received Import Request.
  Time since last request: 0.000268 seconds.
  path: Assets/Palette/tileset-sliced_19.asset
  artifactKey: Guid(344043b5b6f65ae4ea20c42185c4f7a6) Importer(815301076,1909f56bfc062723c751e8b465ee728b)
Start importing Assets/Palette/tileset-sliced_19.asset using Guid(344043b5b6f65ae4ea20c42185c4f7a6) Importer(815301076,1909f56bfc062723c751e8b465ee728b)  -> (artifact id: '717d72dc84d77d500db077e0902e0a93') in 0.008419 seconds 
  Import took 0.011294 seconds .

========================================================================
Received Import Request.
  Time since last request: 0.000282 seconds.
  path: Assets/Palette/tileset-sliced_21.asset
  artifactKey: Guid(52187a68db1734c418006f1cd53df9f0) Importer(815301076,1909f56bfc062723c751e8b465ee728b)
Start importing Assets/Palette/tileset-sliced_21.asset using Guid(52187a68db1734c418006f1cd53df9f0) Importer(815301076,1909f56bfc062723c751e8b465ee728b)  -> (artifact id: '7e5e2980fb8fc8bc45830bfaf1e05eb7') in 0.007465 seconds 
  Import took 0.010408 seconds .

========================================================================
Received Import Request.
  Time since last request: 0.000371 seconds.
  path: Assets/Palette/tileset-sliced_13.asset
  artifactKey: Guid(1f3789192a55eb34a94a0d0e9e1685c6) Importer(815301076,1909f56bfc062723c751e8b465ee728b)
Start importing Assets/Palette/tileset-sliced_13.asset using Guid(1f3789192a55eb34a94a0d0e9e1685c6) Importer(815301076,1909f56bfc062723c751e8b465ee728b)  -> (artifact id: 'afc67c393363af8978264a33833aa2a2') in 0.007561 seconds 
  Import took 0.010240 seconds .

========================================================================
Received Import Request.
  Time since last request: 0.000367 seconds.
  path: Assets/Palette/tileset-sliced_14.asset
  artifactKey: Guid(9aa435fb2acec21448db84cc70d608e5) Importer(815301076,1909f56bfc062723c751e8b465ee728b)
Start importing Assets/Palette/tileset-sliced_14.asset using Guid(9aa435fb2acec21448db84cc70d608e5) Importer(815301076,1909f56bfc062723c751e8b465ee728b)  -> (artifact id: 'bc59ccfb7dba4fcc6126d942e125bfa2') in 0.007888 seconds 
  Import took 0.011166 seconds .

========================================================================
Received Import Request.
  Time since last request: 0.000280 seconds.
  path: Assets/Palette/tileset-sliced_22.asset
  artifactKey: Guid(5edd699b5feafe544a446347519cd788) Importer(815301076,1909f56bfc062723c751e8b465ee728b)
Start importing Assets/Palette/tileset-sliced_22.asset using Guid(5edd699b5feafe544a446347519cd788) Importer(815301076,1909f56bfc062723c751e8b465ee728b)  -> (artifact id: 'e25dd412e4ba37a83d77347a0523959a') in 0.007853 seconds 
  Import took 0.010599 seconds .

========================================================================
Received Import Request.
  Time since last request: 0.000251 seconds.
  path: Assets/Palette/tileset-sliced_31.asset
  artifactKey: Guid(65cc92ade655f2c45a2ae58bdac3a9bb) Importer(815301076,1909f56bfc062723c751e8b465ee728b)
Start importing Assets/Palette/tileset-sliced_31.asset using Guid(65cc92ade655f2c45a2ae58bdac3a9bb) Importer(815301076,1909f56bfc062723c751e8b465ee728b)  -> (artifact id: '9edfedde174f7fa545a9559baebcb723') in 0.007511 seconds 
  Import took 0.010237 seconds .

========================================================================
Received Import Request.
  Time since last request: 0.000241 seconds.
  path: Assets/Palette/tileset-sliced_28.asset
  artifactKey: Guid(dbf9830f729a6b24da3a6ef26df65b30) Importer(815301076,1909f56bfc062723c751e8b465ee728b)
Start importing Assets/Palette/tileset-sliced_28.asset using Guid(dbf9830f729a6b24da3a6ef26df65b30) Importer(815301076,1909f56bfc062723c751e8b465ee728b)  -> (artifact id: '4e9368d17e9af2f5b00172abed17475b') in 0.007280 seconds 
  Import took 0.010120 seconds .

========================================================================
Received Import Request.
  Time since last request: 100.222687 seconds.
  path: Assets/Scripts/FoxMove.cs
  artifactKey: Guid(9702a596e398bf440aec30e900bf3ee3) Importer(815301076,1909f56bfc062723c751e8b465ee728b)
Start importing Assets/Scripts/FoxMove.cs using Guid(9702a596e398bf440aec30e900bf3ee3) Importer(815301076,1909f56bfc062723c751e8b465ee728b)  -> (artifact id: '7e4acdb4635c9ce1985ca99e6b0730f8') in 0.002657 seconds 
  Import took 0.005879 seconds .

========================================================================
Received Prepare
Registering precompiled user dll's ...
Registered in 0.002819 seconds.
Begin MonoManager ReloadAssembly
Native extension for WindowsStandalone target not found
Native extension for WebGL target not found
Refreshing native plugins compatible for Editor in 0.52 ms, found 3 plugins.
Preloading 0 native plugins for Editor in 0.00 ms.
Mono: successfully reloaded assembly
- Completed reload, in  0.729 seconds
Domain Reload Profiling:
	ReloadAssembly (729ms)
		BeginReloadAssembly (90ms)
			ExecutionOrderSort (0ms)
			DisableScriptedObjects (4ms)
			BackupInstance (0ms)
			ReleaseScriptingObjects (0ms)
			CreateAndSetChildDomain (27ms)
		EndReloadAssembly (591ms)
			LoadAssemblies (64ms)
			RebuildTransferFunctionScriptingTraits (0ms)
			SetupTypeCache (191ms)
			ReleaseScriptCaches (1ms)
			RebuildScriptCaches (30ms)
			SetupLoadedEditorAssemblies (228ms)
				LogAssemblyErrors (0ms)
				InitializePlatformSupportModulesInManaged (6ms)
				SetLoadedEditorAssemblies (0ms)
				RefreshPlugins (1ms)
				BeforeProcessingInitializeOnLoad (63ms)
				ProcessInitializeOnLoadAttributes (151ms)
				ProcessInitializeOnLoadMethodAttributes (3ms)
				AfterProcessingInitializeOnLoad (4ms)
				EditorAssembliesLoaded (0ms)
			ExecutionOrderSort2 (0ms)
			AwakeInstancesAfterBackupRestoration (7ms)
Platform modules already initialized, skipping
Refreshing native plugins compatible for Editor in 0.41 ms, found 3 plugins.
Preloading 0 native plugins for Editor in 0.00 ms.
Unloading 2091 Unused Serialized files (Serialized files now loaded: 0)
System memory in use before: 96.9 MB.
System memory in use after: 97.0 MB.

Unloading 14 unused Assets to reduce memory usage. Loaded Objects now: 2565.
Total: 3.119300 ms (FindLiveObjects: 0.211000 ms CreateObjectMapping: 0.032400 ms MarkObjects: 2.860200 ms  DeleteObjects: 0.015100 ms)

AssetImportParameters requested are different than current active one (requested -> active):
  custom:framework-win-MediaFoundation: 216162199b28c13a410421893ffa2e32 -> 
  custom:video-decoder-ogg-theora: a1e56fd34408186e4bbccfd4996cb3dc -> 
  custom:container-muxer-webm: aa71ff27fc2769a1b78a27578f13a17b -> 
  custom:container-demuxer-webm: 4f35f7cbe854078d1ac9338744f61a02 -> 
  custom:container-demuxer-ogg: 62fdf1f143b41e24485cea50d1cbac27 -> 
  custom:video-encoder-webm-vp8: eb34c28f22e8b96e1ab97ce403110664 -> 
  custom:video-decoder-webm-vp8: 9c59270c3fd7afecdb556c50c9e8de78 -> 
  custom:audio-decoder-ogg-vorbis: bf7c407c2cedff20999df2af8eb42d56 -> 
  custom:audio-encoder-webm-vorbis: bf7c407c2cedff20999df2af8eb42d56 -> 
========================================================================
Received Import Request.
  Time since last request: 203.264000 seconds.
  path: Assets/Scripts/FoxMove.cs
  artifactKey: Guid(9702a596e398bf440aec30e900bf3ee3) Importer(815301076,1909f56bfc062723c751e8b465ee728b)
Start importing Assets/Scripts/FoxMove.cs using Guid(9702a596e398bf440aec30e900bf3ee3) Importer(815301076,1909f56bfc062723c751e8b465ee728b)  -> (artifact id: '7c86752ae06481f41f38617698d08f36') in 0.004967 seconds 
  Import took 0.007621 seconds .

========================================================================
Received Prepare
Registering precompiled user dll's ...
Registered in 0.002425 seconds.
Begin MonoManager ReloadAssembly
Native extension for WindowsStandalone target not found
Native extension for WebGL target not found
Refreshing native plugins compatible for Editor in 0.46 ms, found 3 plugins.
Preloading 0 native plugins for Editor in 0.00 ms.
Mono: successfully reloaded assembly
- Completed reload, in  0.733 seconds
Domain Reload Profiling:
	ReloadAssembly (734ms)
		BeginReloadAssembly (94ms)
			ExecutionOrderSort (0ms)
			DisableScriptedObjects (6ms)
			BackupInstance (0ms)
			ReleaseScriptingObjects (0ms)
			CreateAndSetChildDomain (30ms)
		EndReloadAssembly (589ms)
			LoadAssemblies (67ms)
			RebuildTransferFunctionScriptingTraits (0ms)
			SetupTypeCache (201ms)
			ReleaseScriptCaches (1ms)
			RebuildScriptCaches (30ms)
			SetupLoadedEditorAssemblies (220ms)
				LogAssemblyErrors (0ms)
				InitializePlatformSupportModulesInManaged (5ms)
				SetLoadedEditorAssemblies (0ms)
				RefreshPlugins (1ms)
				BeforeProcessingInitializeOnLoad (64ms)
				ProcessInitializeOnLoadAttributes (143ms)
				ProcessInitializeOnLoadMethodAttributes (3ms)
				AfterProcessingInitializeOnLoad (4ms)
				EditorAssembliesLoaded (0ms)
			ExecutionOrderSort2 (0ms)
			AwakeInstancesAfterBackupRestoration (7ms)
Platform modules already initialized, skipping
Refreshing native plugins compatible for Editor in 0.40 ms, found 3 plugins.
Preloading 0 native plugins for Editor in 0.00 ms.
Unloading 2091 Unused Serialized files (Serialized files now loaded: 0)
System memory in use before: 96.9 MB.
System memory in use after: 97.0 MB.

Unloading 14 unused Assets to reduce memory usage. Loaded Objects now: 2568.
Total: 2.644400 ms (FindLiveObjects: 0.135500 ms CreateObjectMapping: 0.034400 ms MarkObjects: 2.459900 ms  DeleteObjects: 0.014100 ms)

AssetImportParameters requested are different than current active one (requested -> active):
  custom:framework-win-MediaFoundation: 216162199b28c13a410421893ffa2e32 -> 
  custom:video-decoder-ogg-theora: a1e56fd34408186e4bbccfd4996cb3dc -> 
  custom:container-muxer-webm: aa71ff27fc2769a1b78a27578f13a17b -> 
  custom:container-demuxer-webm: 4f35f7cbe854078d1ac9338744f61a02 -> 
  custom:container-demuxer-ogg: 62fdf1f143b41e24485cea50d1cbac27 -> 
  custom:video-encoder-webm-vp8: eb34c28f22e8b96e1ab97ce403110664 -> 
  custom:video-decoder-webm-vp8: 9c59270c3fd7afecdb556c50c9e8de78 -> 
  custom:audio-decoder-ogg-vorbis: bf7c407c2cedff20999df2af8eb42d56 -> 
  custom:audio-encoder-webm-vorbis: bf7c407c2cedff20999df2af8eb42d56 -> 
========================================================================
Received Prepare
Registering precompiled user dll's ...
Registered in 0.002352 seconds.
Begin MonoManager ReloadAssembly
Native extension for WindowsStandalone target not found
Native extension for WebGL target not found
Refreshing native plugins compatible for Editor in 0.60 ms, found 3 plugins.
Preloading 0 native plugins for Editor in 0.00 ms.
Mono: successfully reloaded assembly
- Completed reload, in  0.770 seconds
Domain Reload Profiling:
	ReloadAssembly (770ms)
		BeginReloadAssembly (89ms)
			ExecutionOrderSort (0ms)
			DisableScriptedObjects (5ms)
			BackupInstance (0ms)
			ReleaseScriptingObjects (0ms)
			CreateAndSetChildDomain (33ms)
		EndReloadAssembly (638ms)
			LoadAssemblies (65ms)
			RebuildTransferFunctionScriptingTraits (0ms)
			SetupTypeCache (182ms)
			ReleaseScriptCaches (1ms)
			RebuildScriptCaches (42ms)
			SetupLoadedEditorAssemblies (271ms)
				LogAssemblyErrors (0ms)
				InitializePlatformSupportModulesInManaged (5ms)
				SetLoadedEditorAssemblies (1ms)
				RefreshPlugins (1ms)
				BeforeProcessingInitializeOnLoad (67ms)
				ProcessInitializeOnLoadAttributes (188ms)
				ProcessInitializeOnLoadMethodAttributes (4ms)
				AfterProcessingInitializeOnLoad (5ms)
				EditorAssembliesLoaded (0ms)
			ExecutionOrderSort2 (0ms)
			AwakeInstancesAfterBackupRestoration (7ms)
Platform modules already initialized, skipping
Refreshing native plugins compatible for Editor in 0.59 ms, found 3 plugins.
Preloading 0 native plugins for Editor in 0.00 ms.
Unloading 2091 Unused Serialized files (Serialized files now loaded: 0)
System memory in use before: 96.9 MB.
System memory in use after: 97.0 MB.

Unloading 14 unused Assets to reduce memory usage. Loaded Objects now: 2571.
Total: 3.496100 ms (FindLiveObjects: 0.256900 ms CreateObjectMapping: 0.079600 ms MarkObjects: 3.122200 ms  DeleteObjects: 0.036100 ms)

AssetImportParameters requested are different than current active one (requested -> active):
  custom:framework-win-MediaFoundation: 216162199b28c13a410421893ffa2e32 -> 
  custom:video-decoder-ogg-theora: a1e56fd34408186e4bbccfd4996cb3dc -> 
  custom:container-muxer-webm: aa71ff27fc2769a1b78a27578f13a17b -> 
  custom:container-demuxer-webm: 4f35f7cbe854078d1ac9338744f61a02 -> 
  custom:container-demuxer-ogg: 62fdf1f143b41e24485cea50d1cbac27 -> 
  custom:video-encoder-webm-vp8: eb34c28f22e8b96e1ab97ce403110664 -> 
  custom:video-decoder-webm-vp8: 9c59270c3fd7afecdb556c50c9e8de78 -> 
  custom:audio-decoder-ogg-vorbis: bf7c407c2cedff20999df2af8eb42d56 -> 
  custom:audio-encoder-webm-vorbis: bf7c407c2cedff20999df2af8eb42d56 -> 
========================================================================
Received Prepare
Registering precompiled user dll's ...
Registered in 0.002251 seconds.
Begin MonoManager ReloadAssembly
Native extension for WindowsStandalone target not found
Native extension for WebGL target not found
Refreshing native plugins compatible for Editor in 0.42 ms, found 3 plugins.
Preloading 0 native plugins for Editor in 0.00 ms.
Mono: successfully reloaded assembly
- Completed reload, in  0.824 seconds
Domain Reload Profiling:
	ReloadAssembly (825ms)
		BeginReloadAssembly (97ms)
			ExecutionOrderSort (0ms)
			DisableScriptedObjects (6ms)
			BackupInstance (0ms)
			ReleaseScriptingObjects (0ms)
			CreateAndSetChildDomain (33ms)
		EndReloadAssembly (680ms)
			LoadAssemblies (64ms)
			RebuildTransferFunctionScriptingTraits (0ms)
			SetupTypeCache (254ms)
			ReleaseScriptCaches (1ms)
			RebuildScriptCaches (39ms)
			SetupLoadedEditorAssemblies (243ms)
				LogAssemblyErrors (0ms)
				InitializePlatformSupportModulesInManaged (4ms)
				SetLoadedEditorAssemblies (0ms)
				RefreshPlugins (0ms)
				BeforeProcessingInitializeOnLoad (67ms)
				ProcessInitializeOnLoadAttributes (162ms)
				ProcessInitializeOnLoadMethodAttributes (4ms)
				AfterProcessingInitializeOnLoad (4ms)
				EditorAssembliesLoaded (0ms)
			ExecutionOrderSort2 (0ms)
			AwakeInstancesAfterBackupRestoration (7ms)
Platform modules already initialized, skipping
Refreshing native plugins compatible for Editor in 0.43 ms, found 3 plugins.
Preloading 0 native plugins for Editor in 0.00 ms.
Unloading 2091 Unused Serialized files (Serialized files now loaded: 0)
System memory in use before: 96.9 MB.
System memory in use after: 97.0 MB.

Unloading 14 unused Assets to reduce memory usage. Loaded Objects now: 2574.
Total: 3.516100 ms (FindLiveObjects: 0.238300 ms CreateObjectMapping: 0.081600 ms MarkObjects: 3.177200 ms  DeleteObjects: 0.017900 ms)

AssetImportParameters requested are different than current active one (requested -> active):
  custom:framework-win-MediaFoundation: 216162199b28c13a410421893ffa2e32 -> 
  custom:video-decoder-ogg-theora: a1e56fd34408186e4bbccfd4996cb3dc -> 
  custom:container-muxer-webm: aa71ff27fc2769a1b78a27578f13a17b -> 
  custom:container-demuxer-webm: 4f35f7cbe854078d1ac9338744f61a02 -> 
  custom:container-demuxer-ogg: 62fdf1f143b41e24485cea50d1cbac27 -> 
  custom:video-encoder-webm-vp8: eb34c28f22e8b96e1ab97ce403110664 -> 
  custom:video-decoder-webm-vp8: 9c59270c3fd7afecdb556c50c9e8de78 -> 
  custom:audio-decoder-ogg-vorbis: bf7c407c2cedff20999df2af8eb42d56 -> 
  custom:audio-encoder-webm-vorbis: bf7c407c2cedff20999df2af8eb42d56 -> 
========================================================================
Received Prepare
Registering precompiled user dll's ...
Registered in 0.003533 seconds.
Begin MonoManager ReloadAssembly
Native extension for WindowsStandalone target not found
Native extension for WebGL target not found
Refreshing native plugins compatible for Editor in 0.48 ms, found 3 plugins.
Preloading 0 native plugins for Editor in 0.00 ms.
Mono: successfully reloaded assembly
- Completed reload, in  0.785 seconds
Domain Reload Profiling:
	ReloadAssembly (785ms)
		BeginReloadAssembly (104ms)
			ExecutionOrderSort (0ms)
			DisableScriptedObjects (4ms)
			BackupInstance (0ms)
			ReleaseScriptingObjects (0ms)
			CreateAndSetChildDomain (31ms)
		EndReloadAssembly (633ms)
			LoadAssemblies (72ms)
			RebuildTransferFunctionScriptingTraits (0ms)
			SetupTypeCache (218ms)
			ReleaseScriptCaches (1ms)
			RebuildScriptCaches (31ms)
			SetupLoadedEditorAssemblies (235ms)
				LogAssemblyErrors (0ms)
				InitializePlatformSupportModulesInManaged (5ms)
				SetLoadedEditorAssemblies (0ms)
				RefreshPlugins (1ms)
				BeforeProcessingInitializeOnLoad (67ms)
				ProcessInitializeOnLoadAttributes (152ms)
				ProcessInitializeOnLoadMethodAttributes (4ms)
				AfterProcessingInitializeOnLoad (5ms)
				EditorAssembliesLoaded (0ms)
			ExecutionOrderSort2 (0ms)
			AwakeInstancesAfterBackupRestoration (8ms)
Platform modules already initialized, skipping
Refreshing native plugins compatible for Editor in 0.52 ms, found 3 plugins.
Preloading 0 native plugins for Editor in 0.00 ms.
Unloading 2091 Unused Serialized files (Serialized files now loaded: 0)
System memory in use before: 96.9 MB.
System memory in use after: 97.0 MB.

Unloading 14 unused Assets to reduce memory usage. Loaded Objects now: 2577.
Total: 2.340200 ms (FindLiveObjects: 0.174200 ms CreateObjectMapping: 0.038600 ms MarkObjects: 2.108100 ms  DeleteObjects: 0.018400 ms)

AssetImportParameters requested are different than current active one (requested -> active):
  custom:framework-win-MediaFoundation: 216162199b28c13a410421893ffa2e32 -> 
  custom:video-decoder-ogg-theora: a1e56fd34408186e4bbccfd4996cb3dc -> 
  custom:container-muxer-webm: aa71ff27fc2769a1b78a27578f13a17b -> 
  custom:container-demuxer-webm: 4f35f7cbe854078d1ac9338744f61a02 -> 
  custom:container-demuxer-ogg: 62fdf1f143b41e24485cea50d1cbac27 -> 
  custom:video-encoder-webm-vp8: eb34c28f22e8b96e1ab97ce403110664 -> 
  custom:video-decoder-webm-vp8: 9c59270c3fd7afecdb556c50c9e8de78 -> 
  custom:audio-decoder-ogg-vorbis: bf7c407c2cedff20999df2af8eb42d56 -> 
  custom:audio-encoder-webm-vorbis: bf7c407c2cedff20999df2af8eb42d56 -> 
AssetImportWorkerClient::OnTransportError - code=2 error=End of file
